<?xml version="1.0" encoding="utf-8"?>
<coverage line-rate="0.9523" branch-rate="0.86" version="1.9" timestamp="1711697678" lines-covered="240" lines-valid="252" branches-covered="86" branches-valid="100">
  <sources>
    <source>D:\code\FantasticFiasco\serilog-sinks-udp\src\Serilog.Sinks.Udp\</source>
  </sources>
  <packages>
    <package name="Serilog.Sinks.Udp" line-rate="0.9523" branch-rate="0.86" complexity="123">
      <classes>
        <class name="Serilog.LoggerSinkConfigurationExtensions" filename="LoggerSinkConfigurationExtensions.cs" line-rate="0.8695" branch-rate="0.625" complexity="8">
          <methods>
            <method name="Udp" signature="(Serilog.Configuration.LoggerSinkConfiguration,System.String,System.Int32,System.Net.Sockets.AddressFamily,System.Int32,System.Boolean,Serilog.Events.LogEventLevel,Serilog.Core.LoggingLevelSwitch,System.String,System.IFormatProvider,System.Text.Encoding)" line-rate="1" branch-rate="0.5" complexity="4">
              <lines>
                <line number="94" hits="44" branch="True" condition-coverage="50% (1/2)">
                  <conditions>
                    <condition number="1" type="jump" coverage="50%" />
                  </conditions>
                </line>
                <line number="95" hits="44" branch="True" condition-coverage="50% (1/2)">
                  <conditions>
                    <condition number="16" type="jump" coverage="50%" />
                  </conditions>
                </line>
                <line number="97" hits="44" branch="False" />
                <line number="99" hits="44" branch="False" />
                <line number="100" hits="44" branch="False" />
                <line number="101" hits="44" branch="False" />
                <line number="102" hits="44" branch="False" />
                <line number="103" hits="44" branch="False" />
                <line number="104" hits="44" branch="False" />
                <line number="105" hits="44" branch="False" />
                <line number="106" hits="44" branch="False" />
                <line number="107" hits="44" branch="False" />
                <line number="108" hits="44" branch="False" />
                <line number="109" hits="44" branch="False" />
              </lines>
            </method>
            <method name="Udp" signature="(Serilog.Configuration.LoggerSinkConfiguration,System.String,System.Int32,System.Net.Sockets.AddressFamily,Serilog.Formatting.ITextFormatter,System.Int32,System.Boolean,Serilog.Events.LogEventLevel,Serilog.Core.LoggingLevelSwitch,System.Text.Encoding)" line-rate="0.6666" branch-rate="0.75" complexity="4">
              <lines>
                <line number="167" hits="88" branch="True" condition-coverage="50% (1/2)">
                  <conditions>
                    <condition number="1" type="jump" coverage="50%" />
                  </conditions>
                </line>
                <line number="169" hits="88" branch="True" condition-coverage="100% (2/2)">
                  <conditions>
                    <condition number="16" type="jump" coverage="100%" />
                  </conditions>
                </line>
                <line number="173" hits="88" branch="False" />
                <line number="174" hits="88" branch="False" />
                <line number="176" hits="88" branch="False" />
                <line number="178" hits="0" branch="False" />
                <line number="180" hits="0" branch="False" />
                <line number="181" hits="0" branch="False" />
                <line number="183" hits="88" branch="False" />
              </lines>
            </method>
          </methods>
          <lines>
            <line number="94" hits="44" branch="True" condition-coverage="50% (1/2)">
              <conditions>
                <condition number="1" type="jump" coverage="50%" />
              </conditions>
            </line>
            <line number="95" hits="44" branch="True" condition-coverage="50% (1/2)">
              <conditions>
                <condition number="16" type="jump" coverage="50%" />
              </conditions>
            </line>
            <line number="97" hits="44" branch="False" />
            <line number="99" hits="44" branch="False" />
            <line number="100" hits="44" branch="False" />
            <line number="101" hits="44" branch="False" />
            <line number="102" hits="44" branch="False" />
            <line number="103" hits="44" branch="False" />
            <line number="104" hits="44" branch="False" />
            <line number="105" hits="44" branch="False" />
            <line number="106" hits="44" branch="False" />
            <line number="107" hits="44" branch="False" />
            <line number="108" hits="44" branch="False" />
            <line number="109" hits="44" branch="False" />
            <line number="167" hits="88" branch="True" condition-coverage="50% (1/2)">
              <conditions>
                <condition number="1" type="jump" coverage="50%" />
              </conditions>
            </line>
            <line number="169" hits="88" branch="True" condition-coverage="100% (2/2)">
              <conditions>
                <condition number="16" type="jump" coverage="100%" />
              </conditions>
            </line>
            <line number="173" hits="88" branch="False" />
            <line number="174" hits="88" branch="False" />
            <line number="176" hits="88" branch="False" />
            <line number="178" hits="0" branch="False" />
            <line number="180" hits="0" branch="False" />
            <line number="181" hits="0" branch="False" />
            <line number="183" hits="88" branch="False" />
          </lines>
        </class>
        <class name="Serilog.Sinks.Udp.TextFormatters.Log4jTextFormatter" filename="Sinks\Udp\TextFormatters\Log4jTextFormatter.cs" line-rate="1" branch-rate="1" complexity="17">
          <methods>
            <method name="Format" signature="(Serilog.Events.LogEvent,System.IO.TextWriter)" line-rate="1" branch-rate="1" complexity="1">
              <lines>
                <line number="48" hits="43" branch="False" />
                <line number="50" hits="43" branch="False" />
                <line number="51" hits="43" branch="False" />
                <line number="52" hits="43" branch="False" />
                <line number="53" hits="43" branch="False" />
                <line number="55" hits="43" branch="False" />
                <line number="57" hits="43" branch="False" />
                <line number="58" hits="43" branch="False" />
                <line number="60" hits="43" branch="False" />
                <line number="61" hits="43" branch="False" />
              </lines>
            </method>
            <method name="WriteLogger" signature="(Serilog.Events.LogEvent,System.IO.TextWriter)" line-rate="1" branch-rate="1" complexity="2">
              <lines>
                <line number="65" hits="43" branch="True" condition-coverage="100% (2/2)">
                  <conditions>
                    <condition number="18" type="jump" coverage="100%" />
                  </conditions>
                </line>
                <line number="67" hits="9" branch="False" />
                <line number="68" hits="9" branch="False" />
                <line number="70" hits="43" branch="False" />
              </lines>
            </method>
            <method name="WriteTimestamp" signature="(Serilog.Events.LogEvent,System.IO.TextWriter)" line-rate="1" branch-rate="1" complexity="1">
              <lines>
                <line number="75" hits="43" branch="False" />
                <line number="76" hits="43" branch="False" />
                <line number="77" hits="43" branch="False" />
              </lines>
            </method>
            <method name="WriteLevel" signature="(Serilog.Events.LogEvent,System.IO.TextWriter)" line-rate="1" branch-rate="1" complexity="6">
              <lines>
                <line number="83" hits="43" branch="True" condition-coverage="100% (6/6)">
                  <conditions>
                    <condition number="10" type="switch" coverage="100%" />
                  </conditions>
                </line>
                <line number="86" hits="1" branch="False" />
                <line number="87" hits="1" branch="False" />
                <line number="90" hits="1" branch="False" />
                <line number="91" hits="1" branch="False" />
                <line number="94" hits="1" branch="False" />
                <line number="95" hits="1" branch="False" />
                <line number="98" hits="38" branch="False" />
                <line number="99" hits="38" branch="False" />
                <line number="102" hits="1" branch="False" />
                <line number="103" hits="1" branch="False" />
                <line number="106" hits="1" branch="False" />
                <line number="110" hits="43" branch="False" />
                <line number="111" hits="43" branch="False" />
              </lines>
            </method>
            <method name="WriteThread" signature="(Serilog.Events.LogEvent,System.IO.TextWriter)" line-rate="1" branch-rate="1" complexity="2">
              <lines>
                <line number="115" hits="43" branch="True" condition-coverage="100% (2/2)">
                  <conditions>
                    <condition number="18" type="jump" coverage="100%" />
                  </conditions>
                </line>
                <line number="117" hits="9" branch="False" />
                <line number="118" hits="9" branch="False" />
                <line number="120" hits="43" branch="False" />
              </lines>
            </method>
            <method name="WriteMessage" signature="(Serilog.Events.LogEvent,System.IO.TextWriter)" line-rate="1" branch-rate="1" complexity="1">
              <lines>
                <line number="124" hits="43" branch="False" />
                <line number="125" hits="43" branch="False" />
                <line number="126" hits="43" branch="False" />
                <line number="127" hits="43" branch="False" />
              </lines>
            </method>
            <method name="WriteException" signature="(Serilog.Events.LogEvent,System.IO.TextWriter)" line-rate="1" branch-rate="1" complexity="2">
              <lines>
                <line number="131" hits="43" branch="True" condition-coverage="100% (2/2)">
                  <conditions>
                    <condition number="6" type="jump" coverage="100%" />
                  </conditions>
                </line>
                <line number="133" hits="34" branch="False" />
                <line number="136" hits="9" branch="False" />
                <line number="137" hits="9" branch="False" />
                <line number="138" hits="9" branch="False" />
                <line number="139" hits="9" branch="False" />
              </lines>
            </method>
            <method name=".ctor" signature="()" line-rate="1" branch-rate="1" complexity="1">
              <lines>
                <line number="36" hits="43" branch="False" />
                <line number="38" hits="43" branch="False" />
                <line number="39" hits="43" branch="False" />
              </lines>
            </method>
            <method name=".cctor" signature="()" line-rate="1" branch-rate="1" complexity="1">
              <lines>
                <line number="28" hits="1" branch="False" />
                <line number="29" hits="1" branch="False" />
              </lines>
            </method>
          </methods>
          <lines>
            <line number="48" hits="43" branch="False" />
            <line number="50" hits="43" branch="False" />
            <line number="51" hits="43" branch="False" />
            <line number="52" hits="43" branch="False" />
            <line number="53" hits="43" branch="False" />
            <line number="55" hits="43" branch="False" />
            <line number="57" hits="43" branch="False" />
            <line number="58" hits="43" branch="False" />
            <line number="60" hits="43" branch="False" />
            <line number="61" hits="43" branch="False" />
            <line number="65" hits="43" branch="True" condition-coverage="100% (2/2)">
              <conditions>
                <condition number="18" type="jump" coverage="100%" />
              </conditions>
            </line>
            <line number="67" hits="9" branch="False" />
            <line number="68" hits="9" branch="False" />
            <line number="70" hits="43" branch="False" />
            <line number="75" hits="43" branch="False" />
            <line number="76" hits="43" branch="False" />
            <line number="77" hits="43" branch="False" />
            <line number="83" hits="43" branch="True" condition-coverage="100% (6/6)">
              <conditions>
                <condition number="10" type="switch" coverage="100%" />
              </conditions>
            </line>
            <line number="86" hits="1" branch="False" />
            <line number="87" hits="1" branch="False" />
            <line number="90" hits="1" branch="False" />
            <line number="91" hits="1" branch="False" />
            <line number="94" hits="1" branch="False" />
            <line number="95" hits="1" branch="False" />
            <line number="98" hits="38" branch="False" />
            <line number="99" hits="38" branch="False" />
            <line number="102" hits="1" branch="False" />
            <line number="103" hits="1" branch="False" />
            <line number="106" hits="1" branch="False" />
            <line number="110" hits="43" branch="False" />
            <line number="111" hits="43" branch="False" />
            <line number="115" hits="43" branch="True" condition-coverage="100% (2/2)">
              <conditions>
                <condition number="18" type="jump" coverage="100%" />
              </conditions>
            </line>
            <line number="117" hits="9" branch="False" />
            <line number="118" hits="9" branch="False" />
            <line number="120" hits="43" branch="False" />
            <line number="124" hits="43" branch="False" />
            <line number="125" hits="43" branch="False" />
            <line number="126" hits="43" branch="False" />
            <line number="127" hits="43" branch="False" />
            <line number="131" hits="43" branch="True" condition-coverage="100% (2/2)">
              <conditions>
                <condition number="6" type="jump" coverage="100%" />
              </conditions>
            </line>
            <line number="133" hits="34" branch="False" />
            <line number="136" hits="9" branch="False" />
            <line number="137" hits="9" branch="False" />
            <line number="138" hits="9" branch="False" />
            <line number="139" hits="9" branch="False" />
            <line number="36" hits="43" branch="False" />
            <line number="38" hits="43" branch="False" />
            <line number="39" hits="43" branch="False" />
            <line number="28" hits="1" branch="False" />
            <line number="29" hits="1" branch="False" />
          </lines>
        </class>
        <class name="Serilog.Sinks.Udp.TextFormatters.Log4netTextFormatter" filename="Sinks\Udp\TextFormatters\Log4netTextFormatter.cs" line-rate="1" branch-rate="1" complexity="27">
          <methods>
            <method name="Format" signature="(Serilog.Events.LogEvent,System.IO.TextWriter)" line-rate="1" branch-rate="1" complexity="1">
              <lines>
                <line number="51" hits="88" branch="False" />
                <line number="53" hits="88" branch="False" />
                <line number="54" hits="88" branch="False" />
                <line number="55" hits="88" branch="False" />
                <line number="56" hits="88" branch="False" />
                <line number="57" hits="88" branch="False" />
                <line number="58" hits="88" branch="False" />
                <line number="59" hits="88" branch="False" />
                <line number="61" hits="88" branch="False" />
                <line number="62" hits="88" branch="False" />
                <line number="63" hits="88" branch="False" />
                <line number="64" hits="88" branch="False" />
                <line number="66" hits="88" branch="False" />
                <line number="67" hits="88" branch="False" />
                <line number="68" hits="88" branch="False" />
                <line number="70" hits="88" branch="False" />
                <line number="71" hits="88" branch="False" />
                <line number="73" hits="88" branch="False" />
                <line number="74" hits="88" branch="False" />
              </lines>
            </method>
            <method name="WriteLogger" signature="(Serilog.Events.LogEvent,System.IO.TextWriter)" line-rate="1" branch-rate="1" complexity="2">
              <lines>
                <line number="78" hits="88" branch="True" condition-coverage="100% (2/2)">
                  <conditions>
                    <condition number="18" type="jump" coverage="100%" />
                  </conditions>
                </line>
                <line number="80" hits="18" branch="False" />
                <line number="81" hits="18" branch="False" />
                <line number="83" hits="88" branch="False" />
              </lines>
            </method>
            <method name="WriteEventTime" signature="(Serilog.Events.LogEvent,System.IO.TextWriter)" line-rate="1" branch-rate="1" complexity="1">
              <lines>
                <line number="87" hits="88" branch="False" />
                <line number="88" hits="88" branch="False" />
                <line number="89" hits="88" branch="False" />
              </lines>
            </method>
            <method name="WriteLevel" signature="(Serilog.Events.LogEvent,System.IO.TextWriter)" line-rate="1" branch-rate="1" complexity="6">
              <lines>
                <line number="95" hits="88" branch="True" condition-coverage="100% (6/6)">
                  <conditions>
                    <condition number="10" type="switch" coverage="100%" />
                  </conditions>
                </line>
                <line number="98" hits="1" branch="False" />
                <line number="99" hits="1" branch="False" />
                <line number="102" hits="1" branch="False" />
                <line number="103" hits="1" branch="False" />
                <line number="106" hits="1" branch="False" />
                <line number="107" hits="1" branch="False" />
                <line number="110" hits="83" branch="False" />
                <line number="111" hits="83" branch="False" />
                <line number="114" hits="1" branch="False" />
                <line number="115" hits="1" branch="False" />
                <line number="118" hits="1" branch="False" />
                <line number="122" hits="88" branch="False" />
                <line number="123" hits="88" branch="False" />
              </lines>
            </method>
            <method name="WriteThread" signature="(Serilog.Events.LogEvent,System.IO.TextWriter)" line-rate="1" branch-rate="1" complexity="2">
              <lines>
                <line number="127" hits="88" branch="True" condition-coverage="100% (2/2)">
                  <conditions>
                    <condition number="18" type="jump" coverage="100%" />
                  </conditions>
                </line>
                <line number="129" hits="9" branch="False" />
                <line number="130" hits="9" branch="False" />
                <line number="132" hits="88" branch="False" />
              </lines>
            </method>
            <method name="WriteUserName" signature="(Serilog.Events.LogEvent,System.IO.TextWriter)" line-rate="1" branch-rate="1" complexity="2">
              <lines>
                <line number="136" hits="88" branch="True" condition-coverage="100% (2/2)">
                  <conditions>
                    <condition number="18" type="jump" coverage="100%" />
                  </conditions>
                </line>
                <line number="138" hits="9" branch="False" />
                <line number="139" hits="9" branch="False" />
                <line number="141" hits="88" branch="False" />
              </lines>
            </method>
            <method name="WriteProcessName" signature="(Serilog.Events.LogEvent,System.IO.TextWriter)" line-rate="1" branch-rate="1" complexity="2">
              <lines>
                <line number="145" hits="88" branch="True" condition-coverage="100% (2/2)">
                  <conditions>
                    <condition number="18" type="jump" coverage="100%" />
                  </conditions>
                </line>
                <line number="147" hits="9" branch="False" />
                <line number="148" hits="9" branch="False" />
                <line number="150" hits="88" branch="False" />
              </lines>
            </method>
            <method name="WriteLocationInfoClass" signature="(Serilog.Events.LogEvent,System.IO.TextWriter)" line-rate="1" branch-rate="1" complexity="2">
              <lines>
                <line number="154" hits="88" branch="True" condition-coverage="100% (2/2)">
                  <conditions>
                    <condition number="18" type="jump" coverage="100%" />
                  </conditions>
                </line>
                <line number="156" hits="18" branch="False" />
                <line number="157" hits="18" branch="False" />
                <line number="159" hits="88" branch="False" />
              </lines>
            </method>
            <method name="WriteLocationInfoMethod" signature="(Serilog.Events.LogEvent,System.IO.TextWriter)" line-rate="1" branch-rate="1" complexity="2">
              <lines>
                <line number="163" hits="88" branch="True" condition-coverage="100% (2/2)">
                  <conditions>
                    <condition number="18" type="jump" coverage="100%" />
                  </conditions>
                </line>
                <line number="165" hits="9" branch="False" />
                <line number="166" hits="9" branch="False" />
                <line number="168" hits="88" branch="False" />
              </lines>
            </method>
            <method name="WriteHostName" signature="(Serilog.Events.LogEvent,System.IO.TextWriter)" line-rate="1" branch-rate="1" complexity="2">
              <lines>
                <line number="172" hits="88" branch="True" condition-coverage="100% (2/2)">
                  <conditions>
                    <condition number="18" type="jump" coverage="100%" />
                  </conditions>
                </line>
                <line number="174" hits="9" branch="False" />
                <line number="175" hits="9" branch="False" />
                <line number="177" hits="88" branch="False" />
              </lines>
            </method>
            <method name="WriteMessage" signature="(Serilog.Events.LogEvent,System.IO.TextWriter)" line-rate="1" branch-rate="1" complexity="1">
              <lines>
                <line number="181" hits="88" branch="False" />
                <line number="182" hits="88" branch="False" />
                <line number="183" hits="88" branch="False" />
                <line number="184" hits="88" branch="False" />
              </lines>
            </method>
            <method name="WriteException" signature="(Serilog.Events.LogEvent,System.IO.TextWriter)" line-rate="1" branch-rate="1" complexity="2">
              <lines>
                <line number="188" hits="88" branch="True" condition-coverage="100% (2/2)">
                  <conditions>
                    <condition number="6" type="jump" coverage="100%" />
                  </conditions>
                </line>
                <line number="190" hits="79" branch="False" />
                <line number="193" hits="9" branch="False" />
                <line number="194" hits="9" branch="False" />
                <line number="195" hits="9" branch="False" />
                <line number="196" hits="9" branch="False" />
              </lines>
            </method>
            <method name=".ctor" signature="()" line-rate="1" branch-rate="1" complexity="1">
              <lines>
                <line number="39" hits="88" branch="False" />
                <line number="41" hits="88" branch="False" />
                <line number="42" hits="88" branch="False" />
              </lines>
            </method>
            <method name=".cctor" signature="()" line-rate="1" branch-rate="1" complexity="1">
              <lines>
                <line number="27" hits="1" branch="False" />
                <line number="28" hits="1" branch="False" />
                <line number="29" hits="1" branch="False" />
                <line number="30" hits="1" branch="False" />
                <line number="31" hits="1" branch="False" />
                <line number="32" hits="1" branch="False" />
              </lines>
            </method>
          </methods>
          <lines>
            <line number="51" hits="88" branch="False" />
            <line number="53" hits="88" branch="False" />
            <line number="54" hits="88" branch="False" />
            <line number="55" hits="88" branch="False" />
            <line number="56" hits="88" branch="False" />
            <line number="57" hits="88" branch="False" />
            <line number="58" hits="88" branch="False" />
            <line number="59" hits="88" branch="False" />
            <line number="61" hits="88" branch="False" />
            <line number="62" hits="88" branch="False" />
            <line number="63" hits="88" branch="False" />
            <line number="64" hits="88" branch="False" />
            <line number="66" hits="88" branch="False" />
            <line number="67" hits="88" branch="False" />
            <line number="68" hits="88" branch="False" />
            <line number="70" hits="88" branch="False" />
            <line number="71" hits="88" branch="False" />
            <line number="73" hits="88" branch="False" />
            <line number="74" hits="88" branch="False" />
            <line number="78" hits="88" branch="True" condition-coverage="100% (2/2)">
              <conditions>
                <condition number="18" type="jump" coverage="100%" />
              </conditions>
            </line>
            <line number="80" hits="18" branch="False" />
            <line number="81" hits="18" branch="False" />
            <line number="83" hits="88" branch="False" />
            <line number="87" hits="88" branch="False" />
            <line number="88" hits="88" branch="False" />
            <line number="89" hits="88" branch="False" />
            <line number="95" hits="88" branch="True" condition-coverage="100% (6/6)">
              <conditions>
                <condition number="10" type="switch" coverage="100%" />
              </conditions>
            </line>
            <line number="98" hits="1" branch="False" />
            <line number="99" hits="1" branch="False" />
            <line number="102" hits="1" branch="False" />
            <line number="103" hits="1" branch="False" />
            <line number="106" hits="1" branch="False" />
            <line number="107" hits="1" branch="False" />
            <line number="110" hits="83" branch="False" />
            <line number="111" hits="83" branch="False" />
            <line number="114" hits="1" branch="False" />
            <line number="115" hits="1" branch="False" />
            <line number="118" hits="1" branch="False" />
            <line number="122" hits="88" branch="False" />
            <line number="123" hits="88" branch="False" />
            <line number="127" hits="88" branch="True" condition-coverage="100% (2/2)">
              <conditions>
                <condition number="18" type="jump" coverage="100%" />
              </conditions>
            </line>
            <line number="129" hits="9" branch="False" />
            <line number="130" hits="9" branch="False" />
            <line number="132" hits="88" branch="False" />
            <line number="136" hits="88" branch="True" condition-coverage="100% (2/2)">
              <conditions>
                <condition number="18" type="jump" coverage="100%" />
              </conditions>
            </line>
            <line number="138" hits="9" branch="False" />
            <line number="139" hits="9" branch="False" />
            <line number="141" hits="88" branch="False" />
            <line number="145" hits="88" branch="True" condition-coverage="100% (2/2)">
              <conditions>
                <condition number="18" type="jump" coverage="100%" />
              </conditions>
            </line>
            <line number="147" hits="9" branch="False" />
            <line number="148" hits="9" branch="False" />
            <line number="150" hits="88" branch="False" />
            <line number="154" hits="88" branch="True" condition-coverage="100% (2/2)">
              <conditions>
                <condition number="18" type="jump" coverage="100%" />
              </conditions>
            </line>
            <line number="156" hits="18" branch="False" />
            <line number="157" hits="18" branch="False" />
            <line number="159" hits="88" branch="False" />
            <line number="163" hits="88" branch="True" condition-coverage="100% (2/2)">
              <conditions>
                <condition number="18" type="jump" coverage="100%" />
              </conditions>
            </line>
            <line number="165" hits="9" branch="False" />
            <line number="166" hits="9" branch="False" />
            <line number="168" hits="88" branch="False" />
            <line number="172" hits="88" branch="True" condition-coverage="100% (2/2)">
              <conditions>
                <condition number="18" type="jump" coverage="100%" />
              </conditions>
            </line>
            <line number="174" hits="9" branch="False" />
            <line number="175" hits="9" branch="False" />
            <line number="177" hits="88" branch="False" />
            <line number="181" hits="88" branch="False" />
            <line number="182" hits="88" branch="False" />
            <line number="183" hits="88" branch="False" />
            <line number="184" hits="88" branch="False" />
            <line number="188" hits="88" branch="True" condition-coverage="100% (2/2)">
              <conditions>
                <condition number="6" type="jump" coverage="100%" />
              </conditions>
            </line>
            <line number="190" hits="79" branch="False" />
            <line number="193" hits="9" branch="False" />
            <line number="194" hits="9" branch="False" />
            <line number="195" hits="9" branch="False" />
            <line number="196" hits="9" branch="False" />
            <line number="39" hits="88" branch="False" />
            <line number="41" hits="88" branch="False" />
            <line number="42" hits="88" branch="False" />
            <line number="27" hits="1" branch="False" />
            <line number="28" hits="1" branch="False" />
            <line number="29" hits="1" branch="False" />
            <line number="30" hits="1" branch="False" />
            <line number="31" hits="1" branch="False" />
            <line number="32" hits="1" branch="False" />
          </lines>
        </class>
        <class name="Serilog.Sinks.Udp.Private.BatchingSink" filename="Sinks\Udp\Private\BatchingSink.cs" line-rate="1" branch-rate="1" complexity="1">
          <methods>
            <method name=".ctor" signature="(Serilog.Sinks.PeriodicBatching.IBatchedLogEventSink)" line-rate="1" branch-rate="1" complexity="1">
              <lines>
                <line number="23" hits="88" branch="False" />
                <line number="24" hits="88" branch="False" />
                <line number="25" hits="88" branch="False" />
                <line number="26" hits="88" branch="False" />
                <line number="27" hits="88" branch="False" />
                <line number="28" hits="88" branch="False" />
                <line number="30" hits="88" branch="False" />
              </lines>
            </method>
          </methods>
          <lines>
            <line number="23" hits="88" branch="False" />
            <line number="24" hits="88" branch="False" />
            <line number="25" hits="88" branch="False" />
            <line number="26" hits="88" branch="False" />
            <line number="27" hits="88" branch="False" />
            <line number="28" hits="88" branch="False" />
            <line number="30" hits="88" branch="False" />
          </lines>
        </class>
        <class name="Serilog.Sinks.Udp.Private.NullSink" filename="Sinks\Udp\Private\NullSink.cs" line-rate="0" branch-rate="1" complexity="1">
          <methods>
            <method name="Emit" signature="(Serilog.Events.LogEvent)" line-rate="0" branch-rate="1" complexity="1">
              <lines>
                <line number="28" hits="0" branch="False" />
              </lines>
            </method>
          </methods>
          <lines>
            <line number="28" hits="0" branch="False" />
          </lines>
        </class>
        <class name="Serilog.Sinks.Udp.Private.RemoteEndPoint" filename="Sinks\Udp\Private\RemoteEndPoint.cs" line-rate="0.9" branch-rate="0.5" complexity="11">
          <methods>
            <method name="get_Address" signature="()" line-rate="1" branch-rate="1" complexity="1">
              <lines>
                <line number="35" hits="88936" branch="False" />
              </lines>
            </method>
            <method name="get_Port" signature="()" line-rate="1" branch-rate="1" complexity="1">
              <lines>
                <line number="37" hits="88936" branch="False" />
              </lines>
            </method>
            <method name="get_IPEndPoint" signature="()" line-rate="1" branch-rate="1" complexity="1">
              <lines>
                <line number="47" hits="88936" branch="False" />
              </lines>
            </method>
            <method name=".ctor" signature="(System.String,System.Int32)" line-rate="0.8571" branch-rate="0.5" complexity="8">
              <lines>
                <line number="22" hits="88" branch="False" />
                <line number="24" hits="88" branch="True" condition-coverage="50% (2/4)">
                  <conditions>
                    <condition number="8" type="jump" coverage="50%" />
                    <condition number="16" type="jump" coverage="50%" />
                  </conditions>
                </line>
                <line number="26" hits="88" branch="True" condition-coverage="50% (1/2)">
                  <conditions>
                    <condition number="32" type="jump" coverage="50%" />
                  </conditions>
                </line>
                <line number="27" hits="88" branch="False" />
                <line number="29" hits="88" branch="True" condition-coverage="50% (1/2)">
                  <conditions>
                    <condition number="66" type="jump" coverage="50%" />
                  </conditions>
                </line>
                <line number="31" hits="0" branch="False" />
                <line number="33" hits="88" branch="False" />
              </lines>
            </method>
          </methods>
          <lines>
            <line number="35" hits="88936" branch="False" />
            <line number="37" hits="88936" branch="False" />
            <line number="47" hits="88936" branch="False" />
            <line number="22" hits="88" branch="False" />
            <line number="24" hits="88" branch="True" condition-coverage="50% (2/4)">
              <conditions>
                <condition number="8" type="jump" coverage="50%" />
                <condition number="16" type="jump" coverage="50%" />
              </conditions>
            </line>
            <line number="26" hits="88" branch="True" condition-coverage="50% (1/2)">
              <conditions>
                <condition number="32" type="jump" coverage="50%" />
              </conditions>
            </line>
            <line number="27" hits="88" branch="False" />
            <line number="29" hits="88" branch="True" condition-coverage="50% (1/2)">
              <conditions>
                <condition number="66" type="jump" coverage="50%" />
              </conditions>
            </line>
            <line number="31" hits="0" branch="False" />
            <line number="33" hits="88" branch="False" />
          </lines>
        </class>
        <class name="Serilog.Sinks.Udp.Private.UdpClientFactory" filename="Sinks\Udp\Private\UdpClientFactory.cs" line-rate="1" branch-rate="1" complexity="2">
          <methods>
            <method name="get_Create" signature="()" line-rate="1" branch-rate="1" complexity="1">
              <lines>
                <line number="28" hits="355" branch="False" />
              </lines>
            </method>
            <method name=".cctor" signature="()" line-rate="1" branch-rate="1" complexity="1">
              <lines>
                <line number="29" hits="4" branch="False" />
              </lines>
            </method>
          </methods>
          <lines>
            <line number="28" hits="355" branch="False" />
            <line number="29" hits="4" branch="False" />
          </lines>
        </class>
        <class name="Serilog.Sinks.Udp.Private.UdpClientWrapper" filename="Sinks\Udp\Private\UdpClientWrapper.cs" line-rate="0.9285" branch-rate="0.625" complexity="12">
          <methods>
            <method name="get_Client" signature="()" line-rate="1" branch-rate="1" complexity="1">
              <lines>
                <line number="44" hits="1" branch="False" />
              </lines>
            </method>
            <method name="SendAsync" signature="(System.Byte[],System.Int32,System.Net.IPEndPoint)" line-rate="1" branch-rate="1" complexity="1">
              <lines>
                <line number="48" hits="2" branch="False" />
              </lines>
            </method>
            <method name="SendAsync" signature="(System.Byte[],System.Int32,System.String,System.Int32)" line-rate="0" branch-rate="1" complexity="1">
              <lines>
                <line number="53" hits="0" branch="False" />
              </lines>
            </method>
            <method name="Dispose" signature="()" line-rate="1" branch-rate="1" complexity="1">
              <lines>
                <line number="64" hits="3" branch="False" />
                <line number="65" hits="3" branch="False" />
              </lines>
            </method>
            <method name=".ctor" signature="(System.Int32,System.Net.Sockets.AddressFamily,System.Boolean)" line-rate="1" branch-rate="0.625" complexity="8">
              <lines>
                <line number="26" hits="3" branch="False" />
                <line number="28" hits="3" branch="True" condition-coverage="50% (2/4)">
                  <conditions>
                    <condition number="8" type="jump" coverage="50%" />
                    <condition number="16" type="jump" coverage="50%" />
                  </conditions>
                </line>
                <line number="30" hits="3" branch="True" condition-coverage="50% (1/2)">
                  <conditions>
                    <condition number="31" type="jump" coverage="50%" />
                  </conditions>
                </line>
                <line number="31" hits="3" branch="False" />
                <line number="32" hits="3" branch="False" />
                <line number="35" hits="3" branch="True" condition-coverage="100% (2/2)">
                  <conditions>
                    <condition number="56" type="jump" coverage="100%" />
                  </conditions>
                </line>
                <line number="37" hits="2" branch="False" />
                <line number="41" hits="3" branch="False" />
                <line number="42" hits="3" branch="False" />
              </lines>
            </method>
          </methods>
          <lines>
            <line number="44" hits="1" branch="False" />
            <line number="48" hits="2" branch="False" />
            <line number="53" hits="0" branch="False" />
            <line number="64" hits="3" branch="False" />
            <line number="65" hits="3" branch="False" />
            <line number="26" hits="3" branch="False" />
            <line number="28" hits="3" branch="True" condition-coverage="50% (2/4)">
              <conditions>
                <condition number="8" type="jump" coverage="50%" />
                <condition number="16" type="jump" coverage="50%" />
              </conditions>
            </line>
            <line number="30" hits="3" branch="True" condition-coverage="50% (1/2)">
              <conditions>
                <condition number="31" type="jump" coverage="50%" />
              </conditions>
            </line>
            <line number="31" hits="3" branch="False" />
            <line number="32" hits="3" branch="False" />
            <line number="35" hits="3" branch="True" condition-coverage="100% (2/2)">
              <conditions>
                <condition number="56" type="jump" coverage="100%" />
              </conditions>
            </line>
            <line number="37" hits="2" branch="False" />
            <line number="41" hits="3" branch="False" />
            <line number="42" hits="3" branch="False" />
          </lines>
        </class>
        <class name="Serilog.Sinks.Udp.Private.UdpSink" filename="Sinks\Udp\Private\UdpSink.cs" line-rate="1" branch-rate="0.625" complexity="10">
          <methods>
            <method name="OnEmptyBatchAsync" signature="()" line-rate="1" branch-rate="1" complexity="1">
              <lines>
                <line number="90" hits="88" branch="False" />
              </lines>
            </method>
            <method name="Dispose" signature="()" line-rate="1" branch-rate="1" complexity="1">
              <lines>
                <line number="97" hits="88" branch="False" />
                <line number="98" hits="88" branch="False" />
                <line number="99" hits="88" branch="False" />
              </lines>
            </method>
            <method name="Dispose" signature="(System.Boolean)" line-rate="1" branch-rate="0.75" complexity="4">
              <lines>
                <line number="103" hits="88" branch="True" condition-coverage="100% (2/2)">
                  <conditions>
                    <condition number="1" type="jump" coverage="100%" />
                  </conditions>
                </line>
                <line number="111" hits="88" branch="True" condition-coverage="50% (1/2)">
                  <conditions>
                    <condition number="10" type="jump" coverage="50%" />
                  </conditions>
                </line>
                <line number="114" hits="88" branch="False" />
              </lines>
            </method>
            <method name=".ctor" signature="(Serilog.Sinks.Udp.Private.IUdpClient,System.String,System.Int32,Serilog.Formatting.ITextFormatter,System.Text.Encoding)" line-rate="1" branch-rate="0.5" complexity="4">
              <lines>
                <line number="37" hits="88" branch="False" />
                <line number="38" hits="88" branch="False" />
                <line number="39" hits="88" branch="False" />
                <line number="40" hits="88" branch="False" />
                <line number="41" hits="88" branch="False" />
                <line number="42" hits="88" branch="False" />
                <line number="44" hits="88" branch="True" condition-coverage="50% (1/2)">
                  <conditions>
                    <condition number="9" type="jump" coverage="50%" />
                  </conditions>
                </line>
                <line number="45" hits="88" branch="False" />
                <line number="46" hits="88" branch="True" condition-coverage="50% (1/2)">
                  <conditions>
                    <condition number="45" type="jump" coverage="50%" />
                  </conditions>
                </line>
                <line number="47" hits="88" branch="False" />
                <line number="48" hits="88" branch="False" />
              </lines>
            </method>
          </methods>
          <lines>
            <line number="90" hits="88" branch="False" />
            <line number="97" hits="88" branch="False" />
            <line number="98" hits="88" branch="False" />
            <line number="99" hits="88" branch="False" />
            <line number="103" hits="88" branch="True" condition-coverage="100% (2/2)">
              <conditions>
                <condition number="1" type="jump" coverage="100%" />
              </conditions>
            </line>
            <line number="111" hits="88" branch="True" condition-coverage="50% (1/2)">
              <conditions>
                <condition number="10" type="jump" coverage="50%" />
              </conditions>
            </line>
            <line number="114" hits="88" branch="False" />
            <line number="37" hits="88" branch="False" />
            <line number="38" hits="88" branch="False" />
            <line number="39" hits="88" branch="False" />
            <line number="40" hits="88" branch="False" />
            <line number="41" hits="88" branch="False" />
            <line number="42" hits="88" branch="False" />
            <line number="44" hits="88" branch="True" condition-coverage="50% (1/2)">
              <conditions>
                <condition number="9" type="jump" coverage="50%" />
              </conditions>
            </line>
            <line number="45" hits="88" branch="False" />
            <line number="46" hits="88" branch="True" condition-coverage="50% (1/2)">
              <conditions>
                <condition number="45" type="jump" coverage="50%" />
              </conditions>
            </line>
            <line number="47" hits="88" branch="False" />
            <line number="48" hits="88" branch="False" />
          </lines>
        </class>
        <class name="Serilog.Sinks.Udp.Private.UdpSink/&lt;EmitBatchAsync&gt;d__5" filename="Sinks\Udp\Private\UdpSink.cs" line-rate="0.7" branch-rate="0.75" complexity="4">
          <methods>
            <method name="MoveNext" signature="()" line-rate="0.7" branch-rate="0.75" complexity="4">
              <lines>
                <line number="54" hits="178236" branch="True" condition-coverage="100% (2/2)">
                  <conditions>
                    <condition number="479" type="jump" coverage="100%" />
                  </conditions>
                </line>
                <line number="58" hits="88936" branch="False" />
                <line number="60" hits="88936" branch="False" />
                <line number="62" hits="88936" branch="False" />
                <line number="63" hits="88936" branch="False" />
                <line number="64" hits="88936" branch="False" />
                <line number="65" hits="88936" branch="False" />
                <line number="67" hits="88936" branch="True" condition-coverage="50% (1/2)">
                  <conditions>
                    <condition number="144" type="jump" coverage="50%" />
                  </conditions>
                </line>
                <line number="69" hits="0" branch="False" />
                <line number="70" hits="0" branch="False" />
                <line number="71" hits="0" branch="False" />
                <line number="75" hits="88936" branch="False" />
                <line number="76" hits="88936" branch="False" />
                <line number="77" hits="88936" branch="False" />
                <line number="79" hits="88936" branch="False" />
                <line number="80" hits="88936" branch="False" />
                <line number="81" hits="0" branch="False" />
                <line number="83" hits="0" branch="False" />
                <line number="84" hits="0" branch="False" />
                <line number="86" hits="182" branch="False" />
              </lines>
            </method>
          </methods>
          <lines>
            <line number="54" hits="178236" branch="True" condition-coverage="100% (2/2)">
              <conditions>
                <condition number="479" type="jump" coverage="100%" />
              </conditions>
            </line>
            <line number="58" hits="88936" branch="False" />
            <line number="60" hits="88936" branch="False" />
            <line number="62" hits="88936" branch="False" />
            <line number="63" hits="88936" branch="False" />
            <line number="64" hits="88936" branch="False" />
            <line number="65" hits="88936" branch="False" />
            <line number="67" hits="88936" branch="True" condition-coverage="50% (1/2)">
              <conditions>
                <condition number="144" type="jump" coverage="50%" />
              </conditions>
            </line>
            <line number="69" hits="0" branch="False" />
            <line number="70" hits="0" branch="False" />
            <line number="71" hits="0" branch="False" />
            <line number="75" hits="88936" branch="False" />
            <line number="76" hits="88936" branch="False" />
            <line number="77" hits="88936" branch="False" />
            <line number="79" hits="88936" branch="False" />
            <line number="80" hits="88936" branch="False" />
            <line number="81" hits="0" branch="False" />
            <line number="83" hits="0" branch="False" />
            <line number="84" hits="0" branch="False" />
            <line number="86" hits="182" branch="False" />
          </lines>
        </class>
        <class name="Serilog.Sinks.Udp.Private.XmlSerializer" filename="Sinks\Udp\Private\XmlSerializer.cs" line-rate="1" branch-rate="1" complexity="30">
          <methods>
            <method name="SerializeXmlValue" signature="(System.IO.TextWriter,System.String,System.Boolean)" line-rate="1" branch-rate="1" complexity="2">
              <lines>
                <line number="50" hits="5146" branch="True" condition-coverage="100% (2/2)">
                  <conditions>
                    <condition number="38" type="jump" coverage="100%" />
                  </conditions>
                </line>
                <line number="52" hits="2424" branch="False" />
                <line number="54" hits="149" branch="False" />
              </lines>
            </method>
            <method name="SerializeXmlValue" signature="(System.String,System.Boolean)" line-rate="1" branch-rate="1" complexity="2">
              <lines>
                <line number="58" hits="99" branch="False" />
                <line number="60" hits="3520" branch="True" condition-coverage="100% (2/2)">
                  <conditions>
                    <condition number="45" type="jump" coverage="100%" />
                  </conditions>
                </line>
                <line number="62" hits="1661" branch="False" />
                <line number="65" hits="99" branch="False" />
              </lines>
            </method>
            <method name="SerializeXmlValue" signature="(System.Char,System.Boolean)" line-rate="1" branch-rate="1" complexity="26">
              <lines>
                <line number="70" hits="4085" branch="True" condition-coverage="100% (2/2)">
                  <conditions>
                    <condition number="3" type="jump" coverage="100%" />
                  </conditions>
                </line>
                <line number="72" hits="15" branch="False" />
                <line number="75" hits="4070" branch="True" condition-coverage="100% (2/2)">
                  <conditions>
                    <condition number="14" type="jump" coverage="100%" />
                  </conditions>
                </line>
                <line number="77" hits="15" branch="False" />
                <line number="80" hits="4055" branch="True" condition-coverage="100% (2/2)">
                  <conditions>
                    <condition number="25" type="jump" coverage="100%" />
                  </conditions>
                </line>
                <line number="82" hits="15" branch="False" />
                <line number="86" hits="4040" branch="True" condition-coverage="100% (4/4)">
                  <conditions>
                    <condition number="34" type="jump" coverage="100%" />
                    <condition number="39" type="jump" coverage="100%" />
                  </conditions>
                </line>
                <line number="88" hits="11" branch="False" />
                <line number="91" hits="4029" branch="True" condition-coverage="100% (4/4)">
                  <conditions>
                    <condition number="48" type="jump" coverage="100%" />
                    <condition number="53" type="jump" coverage="100%" />
                  </conditions>
                </line>
                <line number="93" hits="11" branch="False" />
                <line number="97" hits="4018" branch="True" condition-coverage="100% (2/2)">
                  <conditions>
                    <condition number="64" type="jump" coverage="100%" />
                  </conditions>
                </line>
                <line number="99" hits="15" branch="True" condition-coverage="100% (2/2)">
                  <conditions>
                    <condition number="67" type="jump" coverage="100%" />
                  </conditions>
                </line>
                <line number="102" hits="4003" branch="True" condition-coverage="100% (2/2)">
                  <conditions>
                    <condition number="84" type="jump" coverage="100%" />
                  </conditions>
                </line>
                <line number="104" hits="15" branch="True" condition-coverage="100% (2/2)">
                  <conditions>
                    <condition number="87" type="jump" coverage="100%" />
                  </conditions>
                </line>
                <line number="107" hits="3988" branch="True" condition-coverage="100% (2/2)">
                  <conditions>
                    <condition number="104" type="jump" coverage="100%" />
                  </conditions>
                </line>
                <line number="109" hits="15" branch="True" condition-coverage="100% (2/2)">
                  <conditions>
                    <condition number="107" type="jump" coverage="100%" />
                  </conditions>
                </line>
                <line number="112" hits="3973" branch="False" />
              </lines>
            </method>
          </methods>
          <lines>
            <line number="50" hits="5146" branch="True" condition-coverage="100% (2/2)">
              <conditions>
                <condition number="38" type="jump" coverage="100%" />
              </conditions>
            </line>
            <line number="52" hits="2424" branch="False" />
            <line number="54" hits="149" branch="False" />
            <line number="58" hits="99" branch="False" />
            <line number="60" hits="3520" branch="True" condition-coverage="100% (2/2)">
              <conditions>
                <condition number="45" type="jump" coverage="100%" />
              </conditions>
            </line>
            <line number="62" hits="1661" branch="False" />
            <line number="65" hits="99" branch="False" />
            <line number="70" hits="4085" branch="True" condition-coverage="100% (2/2)">
              <conditions>
                <condition number="3" type="jump" coverage="100%" />
              </conditions>
            </line>
            <line number="72" hits="15" branch="False" />
            <line number="75" hits="4070" branch="True" condition-coverage="100% (2/2)">
              <conditions>
                <condition number="14" type="jump" coverage="100%" />
              </conditions>
            </line>
            <line number="77" hits="15" branch="False" />
            <line number="80" hits="4055" branch="True" condition-coverage="100% (2/2)">
              <conditions>
                <condition number="25" type="jump" coverage="100%" />
              </conditions>
            </line>
            <line number="82" hits="15" branch="False" />
            <line number="86" hits="4040" branch="True" condition-coverage="100% (4/4)">
              <conditions>
                <condition number="34" type="jump" coverage="100%" />
                <condition number="39" type="jump" coverage="100%" />
              </conditions>
            </line>
            <line number="88" hits="11" branch="False" />
            <line number="91" hits="4029" branch="True" condition-coverage="100% (4/4)">
              <conditions>
                <condition number="48" type="jump" coverage="100%" />
                <condition number="53" type="jump" coverage="100%" />
              </conditions>
            </line>
            <line number="93" hits="11" branch="False" />
            <line number="97" hits="4018" branch="True" condition-coverage="100% (2/2)">
              <conditions>
                <condition number="64" type="jump" coverage="100%" />
              </conditions>
            </line>
            <line number="99" hits="15" branch="True" condition-coverage="100% (2/2)">
              <conditions>
                <condition number="67" type="jump" coverage="100%" />
              </conditions>
            </line>
            <line number="102" hits="4003" branch="True" condition-coverage="100% (2/2)">
              <conditions>
                <condition number="84" type="jump" coverage="100%" />
              </conditions>
            </line>
            <line number="104" hits="15" branch="True" condition-coverage="100% (2/2)">
              <conditions>
                <condition number="87" type="jump" coverage="100%" />
              </conditions>
            </line>
            <line number="107" hits="3988" branch="True" condition-coverage="100% (2/2)">
              <conditions>
                <condition number="104" type="jump" coverage="100%" />
              </conditions>
            </line>
            <line number="109" hits="15" branch="True" condition-coverage="100% (2/2)">
              <conditions>
                <condition number="107" type="jump" coverage="100%" />
              </conditions>
            </line>
            <line number="112" hits="3973" branch="False" />
          </lines>
        </class>
      </classes>
    </package>
  </packages>
</coverage>